<?xml version="1.0" encoding="UTF-8"?>
<coverage generated="1518755383521" clover="3.2.0">
  <project timestamp="1518755383521" name="All files">
    <metrics statements="33" coveredstatements="25" conditionals="18" coveredconditionals="13" methods="14" coveredmethods="10" elements="65" coveredelements="48" complexity="0" loc="33" ncloc="33" packages="2" files="6" classes="6">
      <package name="config">
        <metrics statements="1" coveredstatements="1" conditionals="0" coveredconditionals="0" methods="0" coveredmethods="0"/>
        <file name="setupTests.js" path="/Users/kim/Sites/uireact-menu/config/setupTests.js">
          <metrics statements="1" coveredstatements="1" conditionals="0" coveredconditionals="0" methods="0" coveredmethods="0"/>
          <line num="4" count="1" type="stmt"/>
        </file>
      </package>
      <package name="src">
        <metrics statements="32" coveredstatements="24" conditionals="18" coveredconditionals="13" methods="14" coveredmethods="10"/>
        <file name="Menu.js" path="/Users/kim/Sites/uireact-menu/src/Menu.js">
          <metrics statements="13" coveredstatements="13" conditionals="14" coveredconditionals="11" methods="5" coveredmethods="5"/>
          <line num="10" count="1" type="stmt"/>
          <line num="36" count="2" type="stmt"/>
          <line num="37" count="2" type="cond" truecount="3" falsecount="1"/>
          <line num="38" count="2" type="stmt"/>
          <line num="43" count="19" type="stmt"/>
          <line num="44" count="19" type="stmt"/>
          <line num="56" count="6" type="stmt"/>
          <line num="68" count="2" type="stmt"/>
          <line num="71" count="2" type="cond" truecount="1" falsecount="1"/>
          <line num="72" count="2" type="stmt"/>
          <line num="73" count="13" type="stmt"/>
          <line num="76" count="2" type="cond" truecount="1" falsecount="1"/>
          <line num="80" count="2" type="stmt"/>
        </file>
        <file name="MenuItem.js" path="/Users/kim/Sites/uireact-menu/src/MenuItem.js">
          <metrics statements="12" coveredstatements="4" conditionals="4" coveredconditionals="2" methods="6" coveredmethods="2"/>
          <line num="15" count="0" type="stmt"/>
          <line num="17" count="0" type="cond" truecount="0" falsecount="2"/>
          <line num="18" count="0" type="stmt"/>
          <line num="19" count="0" type="stmt"/>
          <line num="21" count="0" type="stmt"/>
          <line num="22" count="0" type="stmt"/>
          <line num="26" count="0" type="stmt"/>
          <line num="27" count="0" type="stmt"/>
          <line num="32" count="19" type="stmt"/>
          <line num="34" count="19" type="cond" truecount="2" falsecount="0"/>
          <line num="36" count="19" type="stmt"/>
          <line num="38" count="19" type="stmt"/>
        </file>
        <file name="MenuLabel.js" path="/Users/kim/Sites/uireact-menu/src/MenuLabel.js">
          <metrics statements="3" coveredstatements="3" conditionals="0" coveredconditionals="0" methods="1" coveredmethods="1"/>
          <line num="5" count="1" type="stmt"/>
          <line num="6" count="19" type="stmt"/>
          <line num="15" count="1" type="stmt"/>
        </file>
        <file name="MenuSub.js" path="/Users/kim/Sites/uireact-menu/src/MenuSub.js">
          <metrics statements="4" coveredstatements="4" conditionals="0" coveredconditionals="0" methods="2" coveredmethods="2"/>
          <line num="10" count="3" type="stmt"/>
          <line num="11" count="3" type="stmt"/>
          <line num="15" count="3" type="stmt"/>
          <line num="17" count="3" type="stmt"/>
        </file>
        <file name="index.js" path="/Users/kim/Sites/uireact-menu/src/index.js">
          <metrics statements="0" coveredstatements="0" conditionals="0" coveredconditionals="0" methods="0" coveredmethods="0"/>
        </file>
      </package>
    </metrics>
  </project>
</coverage>
