{"/Users/kim/Sites/uireact-menu/config/setupTests.js": {"path":"/Users/kim/Sites/uireact-menu/config/setupTests.js","statementMap":{"0":{"start":{"line":4,"column":0},"end":{"line":4,"column":45}}},"fnMap":{},"branchMap":{},"s":{"0":1},"f":{},"b":{},"_coverageSchema":"332fd63041d2c1bcb487cc26dd0d5f7d97098a6c","hash":"d80e91c5f2369755ae2d3407018bcb1dcc4b6a1f"}
,"/Users/kim/Sites/uireact-menu/src/Menu.js": {"path":"/Users/kim/Sites/uireact-menu/src/Menu.js","statementMap":{"0":{"start":{"line":10,"column":8},"end":{"line":10,"column":9}},"1":{"start":{"line":36,"column":21},"end":{"line":36,"column":31}},"2":{"start":{"line":37,"column":4},"end":{"line":39,"column":5}},"3":{"start":{"line":38,"column":6},"end":{"line":38,"column":34}},"4":{"start":{"line":43,"column":20},"end":{"line":43,"column":42}},"5":{"start":{"line":44,"column":4},"end":{"line":63,"column":5}},"6":{"start":{"line":56,"column":16},"end":{"line":56,"column":43}},"7":{"start":{"line":68,"column":41},"end":{"line":68,"column":51}},"8":{"start":{"line":71,"column":4},"end":{"line":74,"column":8}},"9":{"start":{"line":72,"column":6},"end":{"line":74,"column":8}},"10":{"start":{"line":73,"column":8},"end":{"line":73,"column":33}},"11":{"start":{"line":76,"column":25},"end":{"line":78,"column":14}},"12":{"start":{"line":80,"column":4},"end":{"line":84,"column":6}}},"fnMap":{"0":{"name":"(anonymous_0)","decl":{"start":{"line":35,"column":2},"end":{"line":35,"column":3}},"loc":{"start":{"line":35,"column":23},"end":{"line":40,"column":3}},"line":35},"1":{"name":"(anonymous_1)","decl":{"start":{"line":42,"column":15},"end":{"line":42,"column":16}},"loc":{"start":{"line":42,"column":25},"end":{"line":64,"column":3}},"line":42},"2":{"name":"(anonymous_2)","decl":{"start":{"line":55,"column":26},"end":{"line":55,"column":27}},"loc":{"start":{"line":55,"column":33},"end":{"line":57,"column":15}},"line":55},"3":{"name":"(anonymous_3)","decl":{"start":{"line":66,"column":2},"end":{"line":66,"column":3}},"loc":{"start":{"line":66,"column":11},"end":{"line":85,"column":3}},"line":66},"4":{"name":"(anonymous_4)","decl":{"start":{"line":72,"column":40},"end":{"line":72,"column":41}},"loc":{"start":{"line":72,"column":50},"end":{"line":74,"column":7}},"line":72}},"branchMap":{"0":{"loc":{"start":{"line":37,"column":4},"end":{"line":39,"column":5}},"type":"if","locations":[{"start":{"line":37,"column":4},"end":{"line":39,"column":5}},{"start":{"line":37,"column":4},"end":{"line":39,"column":5}}],"line":37},"1":{"loc":{"start":{"line":37,"column":8},"end":{"line":37,"column":30}},"type":"binary-expr","locations":[{"start":{"line":37,"column":8},"end":{"line":37,"column":12}},{"start":{"line":37,"column":16},"end":{"line":37,"column":30}}],"line":37},"2":{"loc":{"start":{"line":47,"column":13},"end":{"line":47,"column":52}},"type":"cond-expr","locations":[{"start":{"line":47,"column":23},"end":{"line":47,"column":27}},{"start":{"line":47,"column":31},"end":{"line":47,"column":51}}],"line":47},"3":{"loc":{"start":{"line":47,"column":31},"end":{"line":47,"column":51}},"type":"binary-expr","locations":[{"start":{"line":47,"column":31},"end":{"line":47,"column":40}},{"start":{"line":47,"column":44},"end":{"line":47,"column":51}}],"line":47},"4":{"loc":{"start":{"line":52,"column":10},"end":{"line":60,"column":20}},"type":"binary-expr","locations":[{"start":{"line":52,"column":10},"end":{"line":52,"column":17}},{"start":{"line":53,"column":10},"end":{"line":60,"column":20}}],"line":52},"5":{"loc":{"start":{"line":71,"column":4},"end":{"line":74,"column":8}},"type":"if","locations":[{"start":{"line":71,"column":4},"end":{"line":74,"column":8}},{"start":{"line":71,"column":4},"end":{"line":74,"column":8}}],"line":71},"6":{"loc":{"start":{"line":76,"column":25},"end":{"line":78,"column":14}},"type":"cond-expr","locations":[{"start":{"line":77,"column":6},"end":{"line":77,"column":19}},{"start":{"line":78,"column":6},"end":{"line":78,"column":14}}],"line":76}},"s":{"0":1,"1":2,"2":2,"3":2,"4":19,"5":19,"6":6,"7":2,"8":2,"9":2,"10":13,"11":2,"12":2},"f":{"0":2,"1":19,"2":6,"3":2,"4":13},"b":{"0":[2,0],"1":[2,2],"2":[3,16],"3":[16,10],"4":[19,3],"5":[2,0],"6":[2,0]},"_coverageSchema":"332fd63041d2c1bcb487cc26dd0d5f7d97098a6c","hash":"f99c5b781b8d23f28d6fdd68e7fea2be04dc11ae"}
,"/Users/kim/Sites/uireact-menu/src/MenuItem.js": {"path":"/Users/kim/Sites/uireact-menu/src/MenuItem.js","statementMap":{"0":{"start":{"line":15,"column":13},"end":{"line":15,"column":59}},"1":{"start":{"line":17,"column":4},"end":{"line":20,"column":5}},"2":{"start":{"line":18,"column":21},"end":{"line":18,"column":35}},"3":{"start":{"line":19,"column":6},"end":{"line":19,"column":66}},"4":{"start":{"line":19,"column":24},"end":{"line":19,"column":65}},"5":{"start":{"line":21,"column":4},"end":{"line":21,"column":30}},"6":{"start":{"line":22,"column":4},"end":{"line":22,"column":48}},"7":{"start":{"line":26,"column":4},"end":{"line":28,"column":11}},"8":{"start":{"line":27,"column":6},"end":{"line":27,"column":53}},"9":{"start":{"line":32,"column":28},"end":{"line":32,"column":38}},"10":{"start":{"line":34,"column":24},"end":{"line":34,"column":40}},"11":{"start":{"line":36,"column":4},"end":{"line":47,"column":6}},"12":{"start":{"line":38,"column":19},"end":{"line":38,"column":31}}},"fnMap":{"0":{"name":"(anonymous_0)","decl":{"start":{"line":14,"column":17},"end":{"line":14,"column":18}},"loc":{"start":{"line":14,"column":23},"end":{"line":23,"column":3}},"line":14},"1":{"name":"(anonymous_1)","decl":{"start":{"line":19,"column":19},"end":{"line":19,"column":20}},"loc":{"start":{"line":19,"column":24},"end":{"line":19,"column":65}},"line":19},"2":{"name":"(anonymous_2)","decl":{"start":{"line":25,"column":17},"end":{"line":25,"column":18}},"loc":{"start":{"line":25,"column":23},"end":{"line":29,"column":3}},"line":25},"3":{"name":"(anonymous_3)","decl":{"start":{"line":26,"column":30},"end":{"line":26,"column":31}},"loc":{"start":{"line":26,"column":36},"end":{"line":28,"column":5}},"line":26},"4":{"name":"(anonymous_4)","decl":{"start":{"line":31,"column":2},"end":{"line":31,"column":3}},"loc":{"start":{"line":31,"column":11},"end":{"line":48,"column":3}},"line":31},"5":{"name":"(anonymous_5)","decl":{"start":{"line":38,"column":13},"end":{"line":38,"column":14}},"loc":{"start":{"line":38,"column":19},"end":{"line":38,"column":31}},"line":38}},"branchMap":{"0":{"loc":{"start":{"line":17,"column":4},"end":{"line":20,"column":5}},"type":"if","locations":[{"start":{"line":17,"column":4},"end":{"line":20,"column":5}},{"start":{"line":17,"column":4},"end":{"line":20,"column":5}}],"line":17},"1":{"loc":{"start":{"line":34,"column":24},"end":{"line":34,"column":40}},"type":"cond-expr","locations":[{"start":{"line":34,"column":29},"end":{"line":34,"column":32}},{"start":{"line":34,"column":35},"end":{"line":34,"column":40}}],"line":34}},"s":{"0":0,"1":0,"2":0,"3":0,"4":0,"5":0,"6":0,"7":0,"8":0,"9":19,"10":19,"11":19,"12":19},"f":{"0":0,"1":0,"2":0,"3":0,"4":19,"5":19},"b":{"0":[0,0],"1":[6,13]},"_coverageSchema":"332fd63041d2c1bcb487cc26dd0d5f7d97098a6c","hash":"0f4b0a2aacd847538f97c74a47ca0a9c76fcc0e4"}
,"/Users/kim/Sites/uireact-menu/src/MenuLabel.js": {"path":"/Users/kim/Sites/uireact-menu/src/MenuLabel.js","statementMap":{"0":{"start":{"line":5,"column":18},"end":{"line":13,"column":1}},"1":{"start":{"line":6,"column":2},"end":{"line":12,"column":3}},"2":{"start":{"line":15,"column":0},"end":{"line":17,"column":1}}},"fnMap":{"0":{"name":"(anonymous_0)","decl":{"start":{"line":5,"column":18},"end":{"line":5,"column":19}},"loc":{"start":{"line":5,"column":36},"end":{"line":13,"column":1}},"line":5}},"branchMap":{},"s":{"0":1,"1":19,"2":1},"f":{"0":19},"b":{},"_coverageSchema":"332fd63041d2c1bcb487cc26dd0d5f7d97098a6c","hash":"093adc58e5465189fb8d8c0d5403702c16bb6a25"}
,"/Users/kim/Sites/uireact-menu/src/MenuSub.js": {"path":"/Users/kim/Sites/uireact-menu/src/MenuSub.js","statementMap":{"0":{"start":{"line":10,"column":13},"end":{"line":10,"column":50}},"1":{"start":{"line":11,"column":4},"end":{"line":11,"column":33}},"2":{"start":{"line":15,"column":25},"end":{"line":15,"column":35}},"3":{"start":{"line":17,"column":4},"end":{"line":21,"column":6}}},"fnMap":{"0":{"name":"(anonymous_0)","decl":{"start":{"line":8,"column":2},"end":{"line":8,"column":3}},"loc":{"start":{"line":8,"column":22},"end":{"line":12,"column":3}},"line":8},"1":{"name":"(anonymous_1)","decl":{"start":{"line":14,"column":2},"end":{"line":14,"column":3}},"loc":{"start":{"line":14,"column":11},"end":{"line":22,"column":3}},"line":14}},"branchMap":{},"s":{"0":3,"1":3,"2":3,"3":3},"f":{"0":3,"1":3},"b":{},"_coverageSchema":"332fd63041d2c1bcb487cc26dd0d5f7d97098a6c","hash":"2760cccb6643404104a9327871143b788d10f7d0"}
,"/Users/kim/Sites/uireact-menu/src/index.js": {"path":"/Users/kim/Sites/uireact-menu/src/index.js","statementMap":{},"fnMap":{},"branchMap":{},"s":{},"f":{},"b":{},"_coverageSchema":"332fd63041d2c1bcb487cc26dd0d5f7d97098a6c","hash":"29292cb5ea6c1a103d1726e2735ca86b34c60065"}
}
