TN:
SF:/Users/kim/Sites/uireact-menu/config/setupTests.js
FNF:0
FNH:0
DA:4,1
LF:1
LH:1
BRF:0
BRH:0
end_of_record
TN:
SF:/Users/kim/Sites/uireact-menu/src/Menu.js
FN:35,(anonymous_0)
FN:42,(anonymous_1)
FN:55,(anonymous_2)
FN:66,(anonymous_3)
FN:72,(anonymous_4)
FNF:5
FNH:5
FNDA:2,(anonymous_0)
FNDA:19,(anonymous_1)
FNDA:6,(anonymous_2)
FNDA:2,(anonymous_3)
FNDA:13,(anonymous_4)
DA:10,1
DA:36,2
DA:37,2
DA:38,2
DA:43,19
DA:44,19
DA:56,6
DA:68,2
DA:71,2
DA:72,2
DA:73,13
DA:76,2
DA:80,2
LF:13
LH:13
BRDA:37,0,0,2
BRDA:37,0,1,0
BRDA:37,1,0,2
BRDA:37,1,1,2
BRDA:47,2,0,3
BRDA:47,2,1,16
BRDA:47,3,0,16
BRDA:47,3,1,10
BRDA:52,4,0,19
BRDA:52,4,1,3
BRDA:71,5,0,2
BRDA:71,5,1,0
BRDA:76,6,0,2
BRDA:76,6,1,0
BRF:14
BRH:11
end_of_record
TN:
SF:/Users/kim/Sites/uireact-menu/src/MenuItem.js
FN:14,(anonymous_0)
FN:19,(anonymous_1)
FN:25,(anonymous_2)
FN:26,(anonymous_3)
FN:31,(anonymous_4)
FN:38,(anonymous_5)
FNF:6
FNH:2
FNDA:0,(anonymous_0)
FNDA:0,(anonymous_1)
FNDA:0,(anonymous_2)
FNDA:0,(anonymous_3)
FNDA:19,(anonymous_4)
FNDA:19,(anonymous_5)
DA:15,0
DA:17,0
DA:18,0
DA:19,0
DA:21,0
DA:22,0
DA:26,0
DA:27,0
DA:32,19
DA:34,19
DA:36,19
DA:38,19
LF:12
LH:4
BRDA:17,0,0,0
BRDA:17,0,1,0
BRDA:34,1,0,6
BRDA:34,1,1,13
BRF:4
BRH:2
end_of_record
TN:
SF:/Users/kim/Sites/uireact-menu/src/MenuLabel.js
FN:5,(anonymous_0)
FNF:1
FNH:1
FNDA:19,(anonymous_0)
DA:5,1
DA:6,19
DA:15,1
LF:3
LH:3
BRF:0
BRH:0
end_of_record
TN:
SF:/Users/kim/Sites/uireact-menu/src/MenuSub.js
FN:8,(anonymous_0)
FN:14,(anonymous_1)
FNF:2
FNH:2
FNDA:3,(anonymous_0)
FNDA:3,(anonymous_1)
DA:10,3
DA:11,3
DA:15,3
DA:17,3
LF:4
LH:4
BRF:0
BRH:0
end_of_record
TN:
SF:/Users/kim/Sites/uireact-menu/src/index.js
FNF:0
FNH:0
LF:0
LH:0
BRF:0
BRH:0
end_of_record
